[     282ms] [INFO] %cDownload the React DevTools for a better development experience: https://react.dev/link/react-devtools font-weight:bold @ webpack-internal:///(app-pages-browser)/./node_modules/next/dist/compiled/react-dom/cjs/react-dom-client.development.js:25630
[    3406ms] [LOG] [Fast Refresh] rebuilding @ webpack-internal:///(app-pages-browser)/./node_modules/next/dist/client/dev/hot-reloader/app/hot-reloader-app.js:196
[    3557ms] [LOG] [Fast Refresh] done in 150ms @ webpack-internal:///(app-pages-browser)/./node_modules/next/dist/client/dev/report-hmr-latency.js:13
[   20389ms] [LOG] [Fast Refresh] rebuilding @ webpack-internal:///(app-pages-browser)/./node_modules/next/dist/client/dev/hot-reloader/app/hot-reloader-app.js:196
[   21158ms] [LOG] [Fast Refresh] done in 769ms @ webpack-internal:///(app-pages-browser)/./node_modules/next/dist/client/dev/report-hmr-latency.js:13
[   21783ms] [ERROR] Failed to load resource: the server responded with a status of 500 (Internal Server Error) @ http://localhost:3300/api/kp-ingest:0
[   21790ms] [ERROR] Failed to load resource: the server responded with a status of 500 (Internal Server Error) @ http://localhost:3300/?_rsc=fsnpp:0
[   22012ms] [ERROR] Failed to load resource: the server responded with a status of 500 (Internal Server Error) @ http://localhost:3300/?_rsc=fsnpp:0
[   22314ms] [ERROR] Failed to load resource: the server responded with a status of 500 (Internal Server Error) @ http://localhost:3300/:0
[   22495ms] [INFO] %cDownload the React DevTools for a better development experience: https://react.dev/link/react-devtools font-weight:bold @ webpack-internal:///(pages-dir-browser)/./node_modules/react-dom/cjs/react-dom-client.development.js:28004
[   22550ms] Error: Cannot find module './873.js'
Require stack:
- /Users/sri/Documents/tennetctl/10_apps/01_k-forensics/05_sdk/packages/demo-web/.next/server/webpack-runtime.js
- /Users/sri/Documents/tennetctl/10_apps/01_k-forensics/05_sdk/packages/demo-web/.next/server/pages/_document.js
- /Users/sri/Documents/tennetctl/10_apps/01_k-forensics/05_sdk/packages/demo-web/node_modules/next/dist/server/require.js
- /Users/sri/Documents/tennetctl/10_apps/01_k-forensics/05_sdk/packages/demo-web/node_modules/next/dist/server/load-components.js
- /Users/sri/Documents/tennetctl/10_apps/01_k-forensics/05_sdk/packages/demo-web/node_modules/next/dist/build/utils.js
- /Users/sri/Documents/tennetctl/10_apps/01_k-forensics/05_sdk/packages/demo-web/node_modules/next/dist/build/swc/options.js
- /Users/sri/Documents/tennetctl/10_apps/01_k-forensics/05_sdk/packages/demo-web/node_modules/next/dist/build/swc/index.js
- /Users/sri/Documents/tennetctl/10_apps/01_k-forensics/05_sdk/packages/demo-web/node_modules/next/dist/build/next-config-ts/transpile-config.js
- /Users/sri/Documents/tennetctl/10_apps/01_k-forensics/05_sdk/packages/demo-web/node_modules/next/dist/server/config.js
- /Users/sri/Documents/tennetctl/10_apps/01_k-forensics/05_sdk/packages/demo-web/node_modules/next/dist/server/next.js
- /Users/sri/Documents/tennetctl/10_apps/01_k-forensics/05_sdk/packages/demo-web/node_modules/next/dist/server/lib/start-server.js
    at Function.<anonymous> (node:internal/modules/cjs/loader:1401:15)
    at <unknown> (file:///Users/sri/Documents/tennetctl/10_apps/01_k-forensics/05_sdk/packages/demo-web/node_modules/next/dist/server/require-hook.js:57:36)
    at defaultResolveImpl (node:internal/modules/cjs/loader:1057:19)
    at resolveForCJSWithHooks (node:internal/modules/cjs/loader:1062:22)
    at Function._load (node:internal/modules/cjs/loader:1211:37)
    at TracingChannel.traceSync (node:diagnostics_channel:322:14)
    at wrapModuleLoad (node:internal/modules/cjs/loader:235:24)
    at Module.<anonymous> (node:internal/modules/cjs/loader:1487:12)
    at mod.require (file:///Users/sri/Documents/tennetctl/10_apps/01_k-forensics/05_sdk/packages/demo-web/node_modules/next/dist/server/require-hook.js:68:28)
    at require (node:internal/modules/helpers:135:16)
    at __webpack_require__.f.require (file:///Users/sri/Documents/tennetctl/10_apps/01_k-forensics/05_sdk/packages/demo-web/.next/server/webpack-runtime.js:195:28)
    at <unknown> (file:///Users/sri/Documents/tennetctl/10_apps/01_k-forensics/05_sdk/packages/demo-web/.next/server/webpack-runtime.js:108:40)
    at Array.reduce (<anonymous>)
    at __webpack_require__.e (file:///Users/sri/Documents/tennetctl/10_apps/01_k-forensics/05_sdk/packages/demo-web/.next/server/webpack-runtime.js:107:67)
    at Array.map (<anonymous>)
    at __webpack_require__.X (file:///Users/sri/Documents/tennetctl/10_apps/01_k-forensics/05_sdk/packages/demo-web/.next/server/webpack-runtime.js:159:22)
    at <unknown> (file:///Users/sri/Documents/tennetctl/10_apps/01_k-forensics/05_sdk/packages/demo-web/.next/server/app/page.js:2:18749)
    at Object.<anonymous> (file:///Users/sri/Documents/tennetctl/10_apps/01_k-forensics/05_sdk/packages/demo-web/.next/server/app/page.js:2:18802)
    at Module._compile (node:internal/modules/cjs/loader:1730:14)
    at Object..js (node:internal/modules/cjs/loader:1895:10)
    at Module.load (node:internal/modules/cjs/loader:1465:32)
    at Function._load (node:internal/modules/cjs/loader:1282:12)
    at TracingChannel.traceSync (node:diagnostics_channel:322:14)
    at wrapModuleLoad (node:internal/modules/cjs/loader:235:24)
    at Module.<anonymous> (node:internal/modules/cjs/loader:1487:12)
    at mod.require (file:///Users/sri/Documents/tennetctl/10_apps/01_k-forensics/05_sdk/packages/demo-web/node_modules/next/dist/server/require-hook.js:68:28)
    at require (node:internal/modules/helpers:135:16)
    at requirePage (file:///Users/sri/Documents/tennetctl/10_apps/01_k-forensics/05_sdk/packages/demo-web/node_modules/next/dist/server/require.js:99:80)
    at loadComponentsImpl (file:///Users/sri/Documents/tennetctl/10_apps/01_k-forensics/05_sdk/packages/demo-web/node_modules/next/dist/server/load-components.js:132:57)
    at async DevServer.findPageComponentsImpl (file:///Users/sri/Documents/tennetctl/10_apps/01_k-forensics/05_sdk/packages/demo-web/node_modules/next/dist/server/next-server.js:899:36)
    at async DevServer.findPageComponents (file:///Users/sri/Documents/tennetctl/10_apps/01_k-forensics/05_sdk/packages/demo-web/node_modules/next/dist/server/dev/next-dev-server.js:706:16)
    at async DevServer.renderPageComponent (file:///Users/sri/Documents/tennetctl/10_apps/01_k-forensics/05_sdk/packages/demo-web/node_modules/next/dist/server/base-server.js:1460:24)
    at async DevServer.renderToResponseImpl (file:///Users/sri/Documents/tennetctl/10_apps/01_k-forensics/05_sdk/packages/demo-web/node_modules/next/dist/server/base-server.js:1514:32)
    at async DevServer.pipeImpl (file:///Users/sri/Documents/tennetctl/10_apps/01_k-forensics/05_sdk/packages/demo-web/node_modules/next/dist/server/base-server.js:1025:25)
    at async NextNodeServer.handleCatchallRenderRequest (file:///Users/sri/Documents/tennetctl/10_apps/01_k-forensics/05_sdk/packages/demo-web/node_modules/next/dist/server/next-server.js:393:17)
    at async DevServer.handleRequestImpl (file:///Users/sri/Documents/tennetctl/10_apps/01_k-forensics/05_sdk/packages/demo-web/node_modules/next/dist/server/base-server.js:916:17)
    at async (file:///Users/sri/Documents/tennetctl/10_apps/01_k-forensics/05_sdk/packages/demo-web/node_modules/next/dist/server/dev/next-dev-server.js:400:20)
    at async Span.traceAsyncFn (file:///Users/sri/Documents/tennetctl/10_apps/01_k-forensics/05_sdk/packages/demo-web/node_modules/next/dist/trace/trace.js:157:20)
    at async DevServer.handleRequest (file:///Users/sri/Documents/tennetctl/10_apps/01_k-forensics/05_sdk/packages/demo-web/node_modules/next/dist/server/dev/next-dev-server.js:396:24)
    at async invokeRender (file:///Users/sri/Documents/tennetctl/10_apps/01_k-forensics/05_sdk/packages/demo-web/node_modules/next/dist/server/lib/router-server.js:240:21)
    at async handleRequest (file:///Users/sri/Documents/tennetctl/10_apps/01_k-forensics/05_sdk/packages/demo-web/node_modules/next/dist/server/lib/router-server.js:437:24)
    at async requestHandlerImpl (file:///Users/sri/Documents/tennetctl/10_apps/01_k-forensics/05_sdk/packages/demo-web/node_modules/next/dist/server/lib/router-server.js:485:13)
    at async Server.requestListener (file:///Users/sri/Documents/tennetctl/10_apps/01_k-forensics/05_sdk/packages/demo-web/node_modules/next/dist/server/lib/start-server.js:226:13)
[   22550ms] [LOG] [HMR] connected @ webpack-internal:///(pages-dir-browser)/./node_modules/next/dist/client/dev/hot-reloader/pages/websocket.js:45
[  425407ms] [ERROR] WebSocket connection to 'ws://localhost:3300/_next/webpack-hmr' failed: Error in connection establishment: net::ERR_CONNECTION_REFUSED @ webpack-internal:///(pages-dir-browser)/./node_modules/next/dist/client/dev/hot-reloader/pages/websocket.js:88
[  426411ms] [ERROR] WebSocket connection to 'ws://localhost:3300/_next/webpack-hmr' failed: Error in connection establishment: net::ERR_CONNECTION_REFUSED @ webpack-internal:///(pages-dir-browser)/./node_modules/next/dist/client/dev/hot-reloader/pages/websocket.js:88
[  428236ms] [LOG] [HMR] connected @ webpack-internal:///(pages-dir-browser)/./node_modules/next/dist/client/dev/hot-reloader/pages/websocket.js:45
[  428244ms] [ERROR] Failed to load resource: the server responded with a status of 404 (Not Found) @ http://localhost:3300/_next/static/webpack/d5840db2a91fbaac.webpack.hot-update.json:0
[  428244ms] [WARNING] [Fast Refresh] performing full reload because your application had an unrecoverable error @ webpack-internal:///(pages-dir-browser)/./node_modules/next/dist/client/dev/hot-reloader/pages/hot-reloader-pages.js:347
[  428560ms] [LOG] [Fast Refresh] rebuilding @ webpack-internal:///(pages-dir-browser)/./node_modules/next/dist/client/dev/hot-reloader/pages/hot-reloader-pages.js:206
[  429604ms] [ERROR] Failed to load resource: the server responded with a status of 404 (Not Found) @ http://localhost:3300/_next/static/webpack/d5840db2a91fbaac.webpack.hot-update.json:0
[  429604ms] [WARNING] [Fast Refresh] performing full reload because your application had an unrecoverable error @ webpack-internal:///(pages-dir-browser)/./node_modules/next/dist/client/dev/hot-reloader/pages/hot-reloader-pages.js:347
[  430058ms] [INFO] %cDownload the React DevTools for a better development experience: https://react.dev/link/react-devtools font-weight:bold @ webpack-internal:///(app-pages-browser)/./node_modules/next/dist/compiled/react-dom/cjs/react-dom-client.development.js:25630
[  433193ms] [LOG] [Fast Refresh] rebuilding @ webpack-internal:///(app-pages-browser)/./node_modules/next/dist/client/dev/hot-reloader/app/hot-reloader-app.js:196
[  433379ms] [LOG] [Fast Refresh] done in 186ms @ webpack-internal:///(app-pages-browser)/./node_modules/next/dist/client/dev/report-hmr-latency.js:13
