[     336ms] [INFO] %cDownload the React DevTools for a better development experience: https://react.dev/link/react-devtools font-weight:bold @ webpack-internal:///(app-pages-browser)/./node_modules/next/dist/compiled/react-dom/cjs/react-dom-client.development.js:25630
[     403ms] [ERROR] Failed to load resource: the server responded with a status of 404 (Not Found) @ http://localhost:3300/favicon.ico:0
[  916428ms] [LOG] [Fast Refresh] rebuilding @ webpack-internal:///(app-pages-browser)/./node_modules/next/dist/client/dev/hot-reloader/app/hot-reloader-app.js:196
[  916534ms] [LOG] [Fast Refresh] done in 106ms @ webpack-internal:///(app-pages-browser)/./node_modules/next/dist/client/dev/report-hmr-latency.js:13
[  922474ms] [LOG] [Fast Refresh] rebuilding @ webpack-internal:///(app-pages-browser)/./node_modules/next/dist/client/dev/hot-reloader/app/hot-reloader-app.js:196
[  922534ms] [LOG] [Fast Refresh] done in 60ms @ webpack-internal:///(app-pages-browser)/./node_modules/next/dist/client/dev/report-hmr-latency.js:13
[  924153ms] [LOG] [Fast Refresh] rebuilding @ webpack-internal:///(app-pages-browser)/./node_modules/next/dist/client/dev/hot-reloader/app/hot-reloader-app.js:196
[  924312ms] [LOG] [Fast Refresh] done in 160ms @ webpack-internal:///(app-pages-browser)/./node_modules/next/dist/client/dev/report-hmr-latency.js:13
[  929150ms] [LOG] [Fast Refresh] rebuilding @ webpack-internal:///(app-pages-browser)/./node_modules/next/dist/client/dev/hot-reloader/app/hot-reloader-app.js:196
[  929176ms] [ERROR] ./src/app/challenge/page.tsx
Module parse failed: Identifier 'timeLeft' has already been declared (127:10)
|         }
|     }
>     const timeLeft = challenge ? Math.max(0, Math.floor((challenge.expires_at - Date.now()) / 1000)) : 0;
|     return /*#__PURE__*/ _jsxDEV("div", {
|         children: [

Import trace for requested module:
./src/app/challenge/page.tsx @ webpack-internal:///(app-pages-browser)/./node_modules/next/dist/next-devtools/userspace/app/errors/intercept-console-error.js:56
[  929182ms] [LOG] {file: Object} @ webpack-internal:///(app-pages-browser)/./node_modules/next/dist/compiled/next-devtools/index.js:1630
[  929243ms] [ERROR] ./src/app/challenge/page.tsx
Module parse failed: Identifier 'timeLeft' has already been declared (116:10)
|         }
|     }
>     const timeLeft = challenge ? Math.max(0, Math.floor((challenge.expires_at - Date.now()) / 1000)) : 0;
|     return /*#__PURE__*/ _jsxDEV("div", {
|         children: [

Import trace for requested module:
./src/app/challenge/page.tsx @ webpack-internal:///(app-pages-browser)/./node_modules/next/dist/next-devtools/userspace/app/errors/intercept-console-error.js:56
[  929244ms] [LOG] {file: Object} @ webpack-internal:///(app-pages-browser)/./node_modules/next/dist/compiled/next-devtools/index.js:1630
[  930211ms] [ERROR] ./src/app/challenge/page.tsx
Module parse failed: Identifier 'timeLeft' has already been declared (127:10)
|         }
|     }
>     const timeLeft = challenge ? Math.max(0, Math.floor((challenge.expires_at - Date.now()) / 1000)) : 0;
|     return /*#__PURE__*/ _jsxDEV("div", {
|         children: [

Import trace for requested module:
./src/app/challenge/page.tsx @ webpack-internal:///(app-pages-browser)/./node_modules/next/dist/next-devtools/userspace/app/errors/intercept-console-error.js:56
[  930211ms] [LOG] [Fast Refresh] rebuilding @ webpack-internal:///(app-pages-browser)/./node_modules/next/dist/client/dev/hot-reloader/app/hot-reloader-app.js:196
[  930211ms] [LOG] {file: Object} @ webpack-internal:///(app-pages-browser)/./node_modules/next/dist/compiled/next-devtools/index.js:1630
[  930289ms] [ERROR] ./src/app/challenge/page.tsx
Module parse failed: Identifier 'timeLeft' has already been declared (116:10)
|         }
|     }
>     const timeLeft = challenge ? Math.max(0, Math.floor((challenge.expires_at - Date.now()) / 1000)) : 0;
|     return /*#__PURE__*/ _jsxDEV("div", {
|         children: [

Import trace for requested module:
./src/app/challenge/page.tsx @ webpack-internal:///(app-pages-browser)/./node_modules/next/dist/next-devtools/userspace/app/errors/intercept-console-error.js:56
[  930289ms] [LOG] {file: Object} @ webpack-internal:///(app-pages-browser)/./node_modules/next/dist/compiled/next-devtools/index.js:1630
[  931376ms] [ERROR] ./src/app/challenge/page.tsx
Module parse failed: Identifier 'timeLeft' has already been declared (127:10)
|         }
|     }
>     const timeLeft = challenge ? Math.max(0, Math.floor((challenge.expires_at - Date.now()) / 1000)) : 0;
|     return /*#__PURE__*/ _jsxDEV("div", {
|         children: [

Import trace for requested module:
./src/app/challenge/page.tsx @ webpack-internal:///(app-pages-browser)/./node_modules/next/dist/next-devtools/userspace/app/errors/intercept-console-error.js:56
[  931376ms] [LOG] {file: Object} @ webpack-internal:///(app-pages-browser)/./node_modules/next/dist/compiled/next-devtools/index.js:1630
[  931750ms] [ERROR] ./src/app/challenge/page.tsx
Module parse failed: Identifier 'timeLeft' has already been declared (127:10)
|         }
|     }
>     const timeLeft = challenge ? Math.max(0, Math.floor((challenge.expires_at - Date.now()) / 1000)) : 0;
|     return /*#__PURE__*/ _jsxDEV("div", {
|         children: [

Import trace for requested module:
./src/app/challenge/page.tsx @ webpack-internal:///(app-pages-browser)/./node_modules/next/dist/next-devtools/userspace/app/errors/intercept-console-error.js:56
[  931957ms] [ERROR] ./src/app/challenge/page.tsx
Module parse failed: Identifier 'timeLeft' has already been declared (116:10)
|         }
|     }
>     const timeLeft = challenge ? Math.max(0, Math.floor((challenge.expires_at - Date.now()) / 1000)) : 0;
|     return /*#__PURE__*/ _jsxDEV("div", {
|         children: [

Import trace for requested module:
./src/app/challenge/page.tsx @ webpack-internal:///(app-pages-browser)/./node_modules/next/dist/next-devtools/userspace/app/errors/intercept-console-error.js:56
[  931957ms] [LOG] {file: Object} @ webpack-internal:///(app-pages-browser)/./node_modules/next/dist/compiled/next-devtools/index.js:1630
[  932030ms] [ERROR] ./src/app/challenge/page.tsx
Module parse failed: Identifier 'timeLeft' has already been declared (116:10)
|         }
|     }
>     const timeLeft = challenge ? Math.max(0, Math.floor((challenge.expires_at - Date.now()) / 1000)) : 0;
|     return /*#__PURE__*/ _jsxDEV("div", {
|         children: [

Import trace for requested module:
./src/app/challenge/page.tsx @ webpack-internal:///(app-pages-browser)/./node_modules/next/dist/next-devtools/userspace/app/errors/intercept-console-error.js:56
[  932115ms] [ERROR] Failed to load resource: the server responded with a status of 500 (Internal Server Error) @ http://localhost:3300/api/kp-ingest:0
[  932120ms] [ERROR] Failed to load resource: the server responded with a status of 500 (Internal Server Error) @ http://localhost:3300/multi-user?_rsc=5p8cd:0
[  932127ms] [ERROR] Failed to load resource: the server responded with a status of 500 (Internal Server Error) @ http://localhost:3300/multi-user?_rsc=5p8cd:0
[  932161ms] [ERROR] Failed to load resource: the server responded with a status of 500 (Internal Server Error) @ http://localhost:3300/multi-user:0
[  932318ms] [INFO] %cDownload the React DevTools for a better development experience: https://react.dev/link/react-devtools font-weight:bold @ webpack-internal:///(pages-dir-browser)/./node_modules/react-dom/cjs/react-dom-client.development.js:28004
[  932370ms] ModuleParseError: Module parse failed: Identifier 'timeLeft' has already been declared (127:10)
File was processed with these loaders:
 * ./node_modules/next/dist/compiled/@next/react-refresh-utils/dist/loader.js
 * ./node_modules/next/dist/build/webpack/loaders/next-flight-client-module-loader.js
 * ./node_modules/next/dist/build/webpack/loaders/next-swc-loader.js
You may need an additional loader to handle the result of these loaders.
|         }
|     }
>     const timeLeft = challenge ? Math.max(0, Math.floor((challenge.expires_at - Date.now()) / 1000)) : 0;
|     return /*#__PURE__*/ _jsxDEV("div", {
|         children: [
    at <unknown> (File was processed with these loaders:)
    at handleParseError (file:///Users/sri/Documents/tennetctl/10_apps/01_k-forensics/05_sdk/packages/demo-web/node_modules/next/dist/compiled/webpack/bundle5.js:29:410378)
    at <unknown> (file:///Users/sri/Documents/tennetctl/10_apps/01_k-forensics/05_sdk/packages/demo-web/node_modules/next/dist/compiled/webpack/bundle5.js:29:411994)
    at processResult (file:///Users/sri/Documents/tennetctl/10_apps/01_k-forensics/05_sdk/packages/demo-web/node_modules/next/dist/compiled/webpack/bundle5.js:29:407859)
    at <unknown> (file:///Users/sri/Documents/tennetctl/10_apps/01_k-forensics/05_sdk/packages/demo-web/node_modules/next/dist/compiled/webpack/bundle5.js:29:408881)
    at <unknown> (file:///Users/sri/Documents/tennetctl/10_apps/01_k-forensics/05_sdk/packages/demo-web/node_modules/next/dist/compiled/loader-runner/LoaderRunner.js:1:8727)
    at iterateNormalLoaders (file:///Users/sri/Documents/tennetctl/10_apps/01_k-forensics/05_sdk/packages/demo-web/node_modules/next/dist/compiled/loader-runner/LoaderRunner.js:1:5565)
    at iterateNormalLoaders (file:///Users/sri/Documents/tennetctl/10_apps/01_k-forensics/05_sdk/packages/demo-web/node_modules/next/dist/compiled/loader-runner/LoaderRunner.js:1:5650)
    at <unknown> (file:///Users/sri/Documents/tennetctl/10_apps/01_k-forensics/05_sdk/packages/demo-web/node_modules/next/dist/compiled/loader-runner/LoaderRunner.js:1:5879)
    at r.callback (file:///Users/sri/Documents/tennetctl/10_apps/01_k-forensics/05_sdk/packages/demo-web/node_modules/next/dist/compiled/loader-runner/LoaderRunner.js:1:4039)
    at Object.ReactRefreshLoader (file:///Users/sri/Documents/tennetctl/10_apps/01_k-forensics/05_sdk/packages/demo-web/node_modules/next/dist/compiled/@next/react-refresh-utils/dist/loader.js:14:10)
    at LOADER_EXECUTION (file:///Users/sri/Documents/tennetctl/10_apps/01_k-forensics/05_sdk/packages/demo-web/node_modules/next/dist/compiled/loader-runner/LoaderRunner.js:1:4134)
    at runSyncOrAsync (file:///Users/sri/Documents/tennetctl/10_apps/01_k-forensics/05_sdk/packages/demo-web/node_modules/next/dist/compiled/loader-runner/LoaderRunner.js:1:4145)
    at iterateNormalLoaders (file:///Users/sri/Documents/tennetctl/10_apps/01_k-forensics/05_sdk/packages/demo-web/node_modules/next/dist/compiled/loader-runner/LoaderRunner.js:1:5782)
    at iterateNormalLoaders (file:///Users/sri/Documents/tennetctl/10_apps/01_k-forensics/05_sdk/packages/demo-web/node_modules/next/dist/compiled/loader-runner/LoaderRunner.js:1:5650)
    at <unknown> (file:///Users/sri/Documents/tennetctl/10_apps/01_k-forensics/05_sdk/packages/demo-web/node_modules/next/dist/compiled/loader-runner/LoaderRunner.js:1:5879)
    at r.callback (file:///Users/sri/Documents/tennetctl/10_apps/01_k-forensics/05_sdk/packages/demo-web/node_modules/next/dist/compiled/loader-runner/LoaderRunner.js:1:4039)
    at Object.transformSource (file:///Users/sri/Documents/tennetctl/10_apps/01_k-forensics/05_sdk/packages/demo-web/node_modules/next/dist/build/webpack/loaders/next-flight-client-module-loader.js:45:17)
    at LOADER_EXECUTION (file:///Users/sri/Documents/tennetctl/10_apps/01_k-forensics/05_sdk/packages/demo-web/node_modules/next/dist/compiled/loader-runner/LoaderRunner.js:1:4134)
    at runSyncOrAsync (file:///Users/sri/Documents/tennetctl/10_apps/01_k-forensics/05_sdk/packages/demo-web/node_modules/next/dist/compiled/loader-runner/LoaderRunner.js:1:4145)
    at iterateNormalLoaders (file:///Users/sri/Documents/tennetctl/10_apps/01_k-forensics/05_sdk/packages/demo-web/node_modules/next/dist/compiled/loader-runner/LoaderRunner.js:1:5782)
    at <unknown> (file:///Users/sri/Documents/tennetctl/10_apps/01_k-forensics/05_sdk/packages/demo-web/node_modules/next/dist/compiled/loader-runner/LoaderRunner.js:1:5142)
    at r.callback (file:///Users/sri/Documents/tennetctl/10_apps/01_k-forensics/05_sdk/packages/demo-web/node_modules/next/dist/compiled/loader-runner/LoaderRunner.js:1:4039)
    at <unknown> (file:///Users/sri/Documents/tennetctl/10_apps/01_k-forensics/05_sdk/packages/demo-web/node_modules/next/dist/build/webpack/loaders/next-swc-loader.js:224:23)
[  932370ms] [LOG] [HMR] connected @ webpack-internal:///(pages-dir-browser)/./node_modules/next/dist/client/dev/hot-reloader/pages/websocket.js:45
[  932370ms] [ERROR] ./src/app/challenge/page.tsx
Module parse failed: Identifier 'timeLeft' has already been declared (116:10)
|         }
|     }
>     const timeLeft = challenge ? Math.max(0, Math.floor((challenge.expires_at - Date.now()) / 1000)) : 0;
|     return /*#__PURE__*/ _jsxDEV("div", {
|         children: [ @ webpack-internal:///(pages-dir-browser)/./node_modules/next/dist/next-devtools/userspace/pages/pages-dev-overlay-setup.js:76
[  932389ms] [LOG] {file: Object} @ webpack-internal:///(pages-dir-browser)/./node_modules/next/dist/compiled/next-devtools/index.js:1630
[  933342ms] [ERROR] ./src/app/challenge/page.tsx
Module parse failed: Identifier 'timeLeft' has already been declared (127:10)
|         }
|     }
>     const timeLeft = challenge ? Math.max(0, Math.floor((challenge.expires_at - Date.now()) / 1000)) : 0;
|     return /*#__PURE__*/ _jsxDEV("div", {
|         children: [

Import trace for requested module:
./src/app/challenge/page.tsx @ webpack-internal:///(pages-dir-browser)/./node_modules/next/dist/next-devtools/userspace/pages/pages-dev-overlay-setup.js:76
[  933343ms] [LOG] {file: Object} @ webpack-internal:///(pages-dir-browser)/./node_modules/next/dist/compiled/next-devtools/index.js:1630
[  933399ms] [ERROR] Failed to load resource: the server responded with a status of 404 (Not Found) @ http://localhost:3300/_next/static/webpack/137756ee7e5c26e8.webpack.hot-update.json:0
[  933399ms] [WARNING] [Fast Refresh] performing full reload because your application had an unrecoverable error @ webpack-internal:///(pages-dir-browser)/./node_modules/next/dist/client/dev/hot-reloader/pages/hot-reloader-pages.js:347
[  934008ms] [INFO] %cDownload the React DevTools for a better development experience: https://react.dev/link/react-devtools font-weight:bold @ webpack-internal:///(app-pages-browser)/./node_modules/next/dist/compiled/react-dom/cjs/react-dom-client.development.js:25630
[  937322ms] [LOG] [Fast Refresh] rebuilding @ webpack-internal:///(app-pages-browser)/./node_modules/next/dist/client/dev/hot-reloader/app/hot-reloader-app.js:196
[  937446ms] [LOG] [Fast Refresh] done in 123ms @ webpack-internal:///(app-pages-browser)/./node_modules/next/dist/client/dev/report-hmr-latency.js:13
[  940016ms] [LOG] [Fast Refresh] rebuilding @ webpack-internal:///(app-pages-browser)/./node_modules/next/dist/client/dev/hot-reloader/app/hot-reloader-app.js:196
[  940165ms] [LOG] [Fast Refresh] done in 149ms @ webpack-internal:///(app-pages-browser)/./node_modules/next/dist/client/dev/report-hmr-latency.js:13
[  944897ms] [LOG] [Fast Refresh] rebuilding @ webpack-internal:///(app-pages-browser)/./node_modules/next/dist/client/dev/hot-reloader/app/hot-reloader-app.js:196
[  944988ms] [ERROR] ./src/app/bot-sim/page.tsx
Error:   x Expected '</', got ')'
     ,-[/Users/sri/Documents/tennetctl/10_apps/01_k-forensics/05_sdk/packages/demo-web/src/app/bot-sim/page.tsx:141:1]
 138 |               ))}
 139 |             </div>
 140 |           </div>
 141 |         ))}
     :          ^
 142 |       </div>
 143 | 
 144 |       {/* Explanation */}
     `----

Caused by:
    Syntax Error

Import trace for requested module:
./src/app/bot-sim/page.tsx @ webpack-internal:///(app-pages-browser)/./node_modules/next/dist/next-devtools/userspace/app/errors/intercept-console-error.js:56
[  944992ms] [LOG] {file: Object} @ webpack-internal:///(app-pages-browser)/./node_modules/next/dist/compiled/next-devtools/index.js:1630
[  946123ms] [LOG] [Fast Refresh] done in 1227ms @ webpack-internal:///(app-pages-browser)/./node_modules/next/dist/client/dev/report-hmr-latency.js:13
[  946243ms] [ERROR] ./src/app/bot-sim/page.tsx
Error:   x Expected '</', got ')'
     ,-[/Users/sri/Documents/tennetctl/10_apps/01_k-forensics/05_sdk/packages/demo-web/src/app/bot-sim/page.tsx:141:1]
 138 |               ))}
 139 |             </div>
 140 |           </div>
 141 |         ))}
     :          ^
 142 |       </div>
 143 | 
 144 |       {/* Explanation */}
     `----

Caused by:
    Syntax Error

Import trace for requested module:
./src/app/bot-sim/page.tsx @ webpack-internal:///(app-pages-browser)/./node_modules/next/dist/next-devtools/userspace/app/errors/intercept-console-error.js:56
[  946244ms] [LOG] {file: Object} @ webpack-internal:///(app-pages-browser)/./node_modules/next/dist/compiled/next-devtools/index.js:1630
[  947049ms] [LOG] [Fast Refresh] done in 2152ms @ webpack-internal:///(app-pages-browser)/./node_modules/next/dist/client/dev/report-hmr-latency.js:13
[  947099ms] [LOG] [Fast Refresh] done in 2203ms @ webpack-internal:///(app-pages-browser)/./node_modules/next/dist/client/dev/report-hmr-latency.js:13
[  947173ms] [ERROR] ./src/app/bot-sim/page.tsx
Error:   x Expected '</', got ')'
     ,-[/Users/sri/Documents/tennetctl/10_apps/01_k-forensics/05_sdk/packages/demo-web/src/app/bot-sim/page.tsx:141:1]
 138 |               ))}
 139 |             </div>
 140 |           </div>
 141 |         ))}
     :          ^
 142 |       </div>
 143 | 
 144 |       {/* Explanation */}
     `----

Caused by:
    Syntax Error

Import trace for requested module:
./src/app/bot-sim/page.tsx @ webpack-internal:///(app-pages-browser)/./node_modules/next/dist/next-devtools/userspace/app/errors/intercept-console-error.js:56
[  947174ms] [LOG] {file: Object} @ webpack-internal:///(app-pages-browser)/./node_modules/next/dist/compiled/next-devtools/index.js:1630
[  949066ms] [ERROR] Failed to load resource: the server responded with a status of 500 (Internal Server Error) @ http://localhost:3300/api/kp-ingest:0
[  950131ms] [LOG] [Fast Refresh] done in 5234ms @ webpack-internal:///(app-pages-browser)/./node_modules/next/dist/client/dev/report-hmr-latency.js:13
[  950224ms] [LOG] [Fast Refresh] rebuilding @ webpack-internal:///(app-pages-browser)/./node_modules/next/dist/client/dev/hot-reloader/app/hot-reloader-app.js:196
[  950421ms] [LOG] [Fast Refresh] done in 196ms @ webpack-internal:///(app-pages-browser)/./node_modules/next/dist/client/dev/report-hmr-latency.js:13
[  952393ms] [LOG] [Fast Refresh] rebuilding @ webpack-internal:///(app-pages-browser)/./node_modules/next/dist/client/dev/hot-reloader/app/hot-reloader-app.js:196
[  952433ms] [LOG] [Fast Refresh] done in 40ms @ webpack-internal:///(app-pages-browser)/./node_modules/next/dist/client/dev/report-hmr-latency.js:13
[  952841ms] [LOG] [Fast Refresh] rebuilding @ webpack-internal:///(app-pages-browser)/./node_modules/next/dist/client/dev/hot-reloader/app/hot-reloader-app.js:196
[  952891ms] [LOG] [Fast Refresh] done in 51ms @ webpack-internal:///(app-pages-browser)/./node_modules/next/dist/client/dev/report-hmr-latency.js:13
[  953549ms] [LOG] [Fast Refresh] rebuilding @ webpack-internal:///(app-pages-browser)/./node_modules/next/dist/client/dev/hot-reloader/app/hot-reloader-app.js:196
[  953675ms] [LOG] [Fast Refresh] done in 126ms @ webpack-internal:///(app-pages-browser)/./node_modules/next/dist/client/dev/report-hmr-latency.js:13
[  956287ms] [LOG] [Fast Refresh] rebuilding @ webpack-internal:///(app-pages-browser)/./node_modules/next/dist/client/dev/hot-reloader/app/hot-reloader-app.js:196
[  956310ms] [LOG] [Fast Refresh] done in 23ms @ webpack-internal:///(app-pages-browser)/./node_modules/next/dist/client/dev/report-hmr-latency.js:13
[  959051ms] [LOG] [Fast Refresh] rebuilding @ webpack-internal:///(app-pages-browser)/./node_modules/next/dist/client/dev/hot-reloader/app/hot-reloader-app.js:196
[  959103ms] [LOG] [Fast Refresh] done in 51ms @ webpack-internal:///(app-pages-browser)/./node_modules/next/dist/client/dev/report-hmr-latency.js:13
[  961098ms] [LOG] [Fast Refresh] rebuilding @ webpack-internal:///(app-pages-browser)/./node_modules/next/dist/client/dev/hot-reloader/app/hot-reloader-app.js:196
[  961137ms] [LOG] [Fast Refresh] done in 39ms @ webpack-internal:///(app-pages-browser)/./node_modules/next/dist/client/dev/report-hmr-latency.js:13
[  966397ms] [LOG] [Fast Refresh] rebuilding @ webpack-internal:///(app-pages-browser)/./node_modules/next/dist/client/dev/hot-reloader/app/hot-reloader-app.js:196
[  966468ms] [LOG] [Fast Refresh] done in 70ms @ webpack-internal:///(app-pages-browser)/./node_modules/next/dist/client/dev/report-hmr-latency.js:13
[ 1017362ms] [LOG] [Fast Refresh] rebuilding @ webpack-internal:///(app-pages-browser)/./node_modules/next/dist/client/dev/hot-reloader/app/hot-reloader-app.js:196
[ 1017415ms] [LOG] [Fast Refresh] done in 52ms @ webpack-internal:///(app-pages-browser)/./node_modules/next/dist/client/dev/report-hmr-latency.js:13
[ 1026311ms] [LOG] [Fast Refresh] rebuilding @ webpack-internal:///(app-pages-browser)/./node_modules/next/dist/client/dev/hot-reloader/app/hot-reloader-app.js:196
[ 1026363ms] [LOG] [Fast Refresh] done in 52ms @ webpack-internal:///(app-pages-browser)/./node_modules/next/dist/client/dev/report-hmr-latency.js:13
[ 1038875ms] [LOG] [Fast Refresh] rebuilding @ webpack-internal:///(app-pages-browser)/./node_modules/next/dist/client/dev/hot-reloader/app/hot-reloader-app.js:196
[ 1038989ms] [LOG] [Fast Refresh] done in 115ms @ webpack-internal:///(app-pages-browser)/./node_modules/next/dist/client/dev/report-hmr-latency.js:13
[ 1879675ms] [LOG] [Fast Refresh] rebuilding @ webpack-internal:///(app-pages-browser)/./node_modules/next/dist/client/dev/hot-reloader/app/hot-reloader-app.js:196
[ 1879921ms] [LOG] [Fast Refresh] done in 246ms @ webpack-internal:///(app-pages-browser)/./node_modules/next/dist/client/dev/report-hmr-latency.js:13
[ 1904531ms] [LOG] [Fast Refresh] rebuilding @ webpack-internal:///(app-pages-browser)/./node_modules/next/dist/client/dev/hot-reloader/app/hot-reloader-app.js:196
[ 1904930ms] [WARNING] [Fast Refresh] performing full reload

Fast Refresh will perform a full reload when you edit a file that's imported by modules outside of the React rendering tree.
You might have a file which exports a React component but also exports a value that is imported by a non-React component file.
Consider migrating the non-React component export to a separate file and importing it into both files.

It is also possible the parent component of the component you edited is a class component, which disables Fast Refresh.
Fast Refresh requires at least one parent function component in your React tree. @ webpack-internal:///(app-pages-browser)/./node_modules/next/dist/client/dev/hot-reloader/app/hot-reloader-app.js:111
[ 1905293ms] [INFO] %cDownload the React DevTools for a better development experience: https://react.dev/link/react-devtools font-weight:bold @ webpack-internal:///(app-pages-browser)/./node_modules/next/dist/compiled/react-dom/cjs/react-dom-client.development.js:25630
[ 1908421ms] [LOG] [Fast Refresh] rebuilding @ webpack-internal:///(app-pages-browser)/./node_modules/next/dist/client/dev/hot-reloader/app/hot-reloader-app.js:196
[ 1908593ms] [ERROR] Failed to load resource: the server responded with a status of 503 (Service Unavailable) @ http://localhost:3300/api/kp-evaluate:0
[ 1908598ms] [LOG] [Fast Refresh] done in 177ms @ webpack-internal:///(app-pages-browser)/./node_modules/next/dist/client/dev/report-hmr-latency.js:13
[ 1910367ms] [ERROR] Failed to load resource: the server responded with a status of 503 (Service Unavailable) @ http://localhost:3300/api/kp-evaluate:0
[ 1915364ms] [ERROR] Failed to load resource: the server responded with a status of 503 (Service Unavailable) @ http://localhost:3300/api/kp-evaluate:0
[ 1920364ms] [ERROR] Failed to load resource: the server responded with a status of 503 (Service Unavailable) @ http://localhost:3300/api/kp-evaluate:0
[ 1922354ms] [LOG] [Fast Refresh] rebuilding @ webpack-internal:///(app-pages-browser)/./node_modules/next/dist/client/dev/hot-reloader/app/hot-reloader-app.js:196
[ 1922462ms] [LOG] [Fast Refresh] done in 108ms @ webpack-internal:///(app-pages-browser)/./node_modules/next/dist/client/dev/report-hmr-latency.js:13
[ 1925350ms] [ERROR] Failed to load resource: the server responded with a status of 503 (Service Unavailable) @ http://localhost:3300/api/kp-evaluate:0
[ 1929457ms] [LOG] [Fast Refresh] rebuilding @ webpack-internal:///(app-pages-browser)/./node_modules/next/dist/client/dev/hot-reloader/app/hot-reloader-app.js:196
[ 1929505ms] [LOG] [Fast Refresh] done in 48ms @ webpack-internal:///(app-pages-browser)/./node_modules/next/dist/client/dev/report-hmr-latency.js:13
[ 1930363ms] [ERROR] Failed to load resource: the server responded with a status of 503 (Service Unavailable) @ http://localhost:3300/api/kp-evaluate:0
[ 1933718ms] [LOG] [Fast Refresh] rebuilding @ webpack-internal:///(app-pages-browser)/./node_modules/next/dist/client/dev/hot-reloader/app/hot-reloader-app.js:196
[ 1933763ms] [LOG] [Fast Refresh] done in 46ms @ webpack-internal:///(app-pages-browser)/./node_modules/next/dist/client/dev/report-hmr-latency.js:13
[ 1935364ms] [ERROR] Failed to load resource: the server responded with a status of 503 (Service Unavailable) @ http://localhost:3300/api/kp-evaluate:0
[ 1938564ms] [LOG] [Fast Refresh] rebuilding @ webpack-internal:///(app-pages-browser)/./node_modules/next/dist/client/dev/hot-reloader/app/hot-reloader-app.js:196
[ 1938604ms] [LOG] [Fast Refresh] done in 41ms @ webpack-internal:///(app-pages-browser)/./node_modules/next/dist/client/dev/report-hmr-latency.js:13
[ 1940363ms] [ERROR] Failed to load resource: the server responded with a status of 503 (Service Unavailable) @ http://localhost:3300/api/kp-evaluate:0
[ 1945365ms] [ERROR] Failed to load resource: the server responded with a status of 503 (Service Unavailable) @ http://localhost:3300/api/kp-evaluate:0
[ 1950359ms] [ERROR] Failed to load resource: the server responded with a status of 503 (Service Unavailable) @ http://localhost:3300/api/kp-evaluate:0
[ 1955361ms] [ERROR] Failed to load resource: the server responded with a status of 503 (Service Unavailable) @ http://localhost:3300/api/kp-evaluate:0
[ 1960357ms] [ERROR] Failed to load resource: the server responded with a status of 503 (Service Unavailable) @ http://localhost:3300/api/kp-evaluate:0
[ 1964115ms] [LOG] [Fast Refresh] rebuilding @ webpack-internal:///(app-pages-browser)/./node_modules/next/dist/client/dev/hot-reloader/app/hot-reloader-app.js:196
[ 1964162ms] [LOG] [Fast Refresh] done in 48ms @ webpack-internal:///(app-pages-browser)/./node_modules/next/dist/client/dev/report-hmr-latency.js:13
[ 1965364ms] [ERROR] Failed to load resource: the server responded with a status of 503 (Service Unavailable) @ http://localhost:3300/api/kp-evaluate:0
[ 1970356ms] [ERROR] Failed to load resource: the server responded with a status of 503 (Service Unavailable) @ http://localhost:3300/api/kp-evaluate:0
[ 1975364ms] [ERROR] Failed to load resource: the server responded with a status of 503 (Service Unavailable) @ http://localhost:3300/api/kp-evaluate:0
[ 1980367ms] [ERROR] Failed to load resource: the server responded with a status of 503 (Service Unavailable) @ http://localhost:3300/api/kp-evaluate:0
[ 1985365ms] [ERROR] Failed to load resource: the server responded with a status of 503 (Service Unavailable) @ http://localhost:3300/api/kp-evaluate:0
[ 1990360ms] [ERROR] Failed to load resource: the server responded with a status of 503 (Service Unavailable) @ http://localhost:3300/api/kp-evaluate:0
[ 1995366ms] [ERROR] Failed to load resource: the server responded with a status of 503 (Service Unavailable) @ http://localhost:3300/api/kp-evaluate:0
[ 2000364ms] [ERROR] Failed to load resource: the server responded with a status of 503 (Service Unavailable) @ http://localhost:3300/api/kp-evaluate:0
[ 2005367ms] [ERROR] Failed to load resource: the server responded with a status of 503 (Service Unavailable) @ http://localhost:3300/api/kp-evaluate:0
[ 2010372ms] [ERROR] Failed to load resource: the server responded with a status of 503 (Service Unavailable) @ http://localhost:3300/api/kp-evaluate:0
[ 2015368ms] [ERROR] Failed to load resource: the server responded with a status of 503 (Service Unavailable) @ http://localhost:3300/api/kp-evaluate:0
[ 2020363ms] [ERROR] Failed to load resource: the server responded with a status of 503 (Service Unavailable) @ http://localhost:3300/api/kp-evaluate:0
[ 2025362ms] [ERROR] Failed to load resource: the server responded with a status of 503 (Service Unavailable) @ http://localhost:3300/api/kp-evaluate:0
[ 2030367ms] [ERROR] Failed to load resource: the server responded with a status of 503 (Service Unavailable) @ http://localhost:3300/api/kp-evaluate:0
[ 2035355ms] [ERROR] Failed to load resource: the server responded with a status of 503 (Service Unavailable) @ http://localhost:3300/api/kp-evaluate:0
[ 2040363ms] [ERROR] Failed to load resource: the server responded with a status of 503 (Service Unavailable) @ http://localhost:3300/api/kp-evaluate:0
[ 2045359ms] [ERROR] Failed to load resource: the server responded with a status of 503 (Service Unavailable) @ http://localhost:3300/api/kp-evaluate:0
[ 2050358ms] [ERROR] Failed to load resource: the server responded with a status of 503 (Service Unavailable) @ http://localhost:3300/api/kp-evaluate:0
[ 2055364ms] [ERROR] Failed to load resource: the server responded with a status of 503 (Service Unavailable) @ http://localhost:3300/api/kp-evaluate:0
[ 2060368ms] [ERROR] Failed to load resource: the server responded with a status of 503 (Service Unavailable) @ http://localhost:3300/api/kp-evaluate:0
[ 2065368ms] [ERROR] Failed to load resource: the server responded with a status of 503 (Service Unavailable) @ http://localhost:3300/api/kp-evaluate:0
[ 2070363ms] [ERROR] Failed to load resource: the server responded with a status of 503 (Service Unavailable) @ http://localhost:3300/api/kp-evaluate:0
[ 2075369ms] [ERROR] Failed to load resource: the server responded with a status of 503 (Service Unavailable) @ http://localhost:3300/api/kp-evaluate:0
[ 2080359ms] [ERROR] Failed to load resource: the server responded with a status of 503 (Service Unavailable) @ http://localhost:3300/api/kp-evaluate:0
